{"D:\\Projetos\\weather\\src\\App.test.tsx": {"path":"D:\\Projetos\\weather\\src\\App.test.tsx","all":false,"statementMap":{"0":{"start":{"line":1,"column":0},"end":{"line":1,"column":52}},"2":{"start":{"line":3,"column":0},"end":{"line":3,"column":24}},"4":{"start":{"line":5,"column":0},"end":{"line":5,"column":55}},"6":{"start":{"line":7,"column":0},"end":{"line":7,"column":20}},"7":{"start":{"line":8,"column":0},"end":{"line":8,"column":26}},"8":{"start":{"line":9,"column":0},"end":{"line":9,"column":3}},"10":{"start":{"line":11,"column":0},"end":{"line":11,"column":26}},"11":{"start":{"line":12,"column":0},"end":{"line":12,"column":37}},"12":{"start":{"line":13,"column":0},"end":{"line":13,"column":25}},"13":{"start":{"line":14,"column":0},"end":{"line":14,"column":30}},"14":{"start":{"line":15,"column":0},"end":{"line":15,"column":5}},"15":{"start":{"line":16,"column":0},"end":{"line":16,"column":3}}},"s":{"0":1,"2":1,"4":1,"6":1,"7":1,"8":1,"10":1,"11":1,"12":1,"13":1,"14":1,"15":1},"branchMap":{"0":{"type":"branch","line":7,"loc":{"start":{"line":7,"column":13},"end":{"line":9,"column":3}},"locations":[{"start":{"line":7,"column":13},"end":{"line":9,"column":3}}]},"1":{"type":"branch","line":11,"loc":{"start":{"line":11,"column":19},"end":{"line":16,"column":3}},"locations":[{"start":{"line":11,"column":19},"end":{"line":16,"column":3}}]},"2":{"type":"branch","line":12,"loc":{"start":{"line":12,"column":30},"end":{"line":15,"column":3}},"locations":[{"start":{"line":12,"column":30},"end":{"line":15,"column":3}}]}},"b":{"0":[1],"1":[1],"2":[1]},"fnMap":{},"f":{}}
,"D:\\Projetos\\weather\\src\\App.tsx": {"path":"D:\\Projetos\\weather\\src\\App.tsx","all":false,"statementMap":{"0":{"start":{"line":1,"column":0},"end":{"line":1,"column":53}},"1":{"start":{"line":2,"column":0},"end":{"line":2,"column":73}},"2":{"start":{"line":3,"column":0},"end":{"line":3,"column":31}},"4":{"start":{"line":5,"column":0},"end":{"line":5,"column":165}},"5":{"start":{"line":6,"column":0},"end":{"line":6,"column":18}},"6":{"start":{"line":7,"column":0},"end":{"line":7,"column":30}},"7":{"start":{"line":8,"column":0},"end":{"line":8,"column":12}},"8":{"start":{"line":9,"column":0},"end":{"line":9,"column":1}}},"s":{"0":1,"1":1,"2":2,"4":2,"5":2,"6":2,"7":2,"8":2},"branchMap":{"0":{"type":"branch","line":3,"loc":{"start":{"line":3,"column":0},"end":{"line":9,"column":1}},"locations":[{"start":{"line":3,"column":0},"end":{"line":9,"column":1}}]}},"b":{"0":[2]},"fnMap":{"0":{"name":"App","decl":{"start":{"line":3,"column":0},"end":{"line":9,"column":1}},"loc":{"start":{"line":3,"column":0},"end":{"line":9,"column":1}},"line":3}},"f":{"0":2}}
,"D:\\Projetos\\weather\\src\\Context\\SearchContext.tsx": {"path":"D:\\Projetos\\weather\\src\\Context\\SearchContext.tsx","all":false,"statementMap":{"0":{"start":{"line":1,"column":0},"end":{"line":1,"column":85}},"29":{"start":{"line":30,"column":0},"end":{"line":30,"column":21}},"30":{"start":{"line":31,"column":0},"end":{"line":31,"column":13}},"31":{"start":{"line":32,"column":0},"end":{"line":32,"column":23}},"32":{"start":{"line":33,"column":0},"end":{"line":33,"column":18}},"34":{"start":{"line":35,"column":0},"end":{"line":35,"column":55}},"40":{"start":{"line":41,"column":0},"end":{"line":41,"column":62}},"41":{"start":{"line":42,"column":0},"end":{"line":42,"column":65}},"42":{"start":{"line":43,"column":0},"end":{"line":43,"column":14}},"43":{"start":{"line":44,"column":0},"end":{"line":44,"column":7}},"44":{"start":{"line":45,"column":0},"end":{"line":45,"column":14}},"45":{"start":{"line":46,"column":0},"end":{"line":46,"column":17}},"46":{"start":{"line":47,"column":0},"end":{"line":47,"column":24}},"47":{"start":{"line":48,"column":0},"end":{"line":48,"column":17}},"48":{"start":{"line":49,"column":0},"end":{"line":49,"column":7}},"49":{"start":{"line":50,"column":0},"end":{"line":50,"column":6}},"50":{"start":{"line":51,"column":0},"end":{"line":51,"column":11}},"51":{"start":{"line":52,"column":0},"end":{"line":52,"column":14}},"52":{"start":{"line":53,"column":0},"end":{"line":53,"column":18}},"53":{"start":{"line":54,"column":0},"end":{"line":54,"column":18}},"54":{"start":{"line":55,"column":0},"end":{"line":55,"column":18}},"55":{"start":{"line":56,"column":0},"end":{"line":56,"column":6}},"56":{"start":{"line":57,"column":0},"end":{"line":57,"column":11}},"57":{"start":{"line":58,"column":0},"end":{"line":58,"column":15}},"58":{"start":{"line":59,"column":0},"end":{"line":59,"column":6}},"59":{"start":{"line":60,"column":0},"end":{"line":60,"column":13}},"60":{"start":{"line":61,"column":0},"end":{"line":61,"column":12}},"61":{"start":{"line":62,"column":0},"end":{"line":62,"column":6}},"62":{"start":{"line":63,"column":0},"end":{"line":63,"column":12}},"63":{"start":{"line":64,"column":0},"end":{"line":64,"column":4}},"66":{"start":{"line":67,"column":0},"end":{"line":67,"column":96}},"67":{"start":{"line":68,"column":0},"end":{"line":68,"column":1}}},"s":{"0":1,"29":1,"30":1,"31":1,"32":1,"34":1,"40":1,"41":2,"42":2,"43":2,"44":2,"45":2,"46":2,"47":2,"48":2,"49":2,"50":2,"51":2,"52":2,"53":2,"54":2,"55":2,"56":2,"57":2,"58":2,"59":2,"60":2,"61":2,"62":2,"63":2,"66":2,"67":2},"branchMap":{"0":{"type":"branch","line":32,"loc":{"start":{"line":32,"column":13},"end":{"line":32,"column":23}},"locations":[{"start":{"line":32,"column":13},"end":{"line":32,"column":23}}]},"1":{"type":"branch","line":41,"loc":{"start":{"line":41,"column":26},"end":{"line":68,"column":1}},"locations":[{"start":{"line":41,"column":26},"end":{"line":68,"column":1}}]}},"b":{"0":[1],"1":[2]},"fnMap":{"0":{"name":"setSearch","decl":{"start":{"line":32,"column":13},"end":{"line":32,"column":23}},"loc":{"start":{"line":32,"column":13},"end":{"line":32,"column":23}},"line":32},"1":{"name":"AppContext","decl":{"start":{"line":41,"column":26},"end":{"line":68,"column":1}},"loc":{"start":{"line":41,"column":26},"end":{"line":68,"column":1}},"line":41}},"f":{"0":1,"1":2}}
,"D:\\Projetos\\weather\\src\\components\\DisplayDetails\\index.tsx": {"path":"D:\\Projetos\\weather\\src\\components\\DisplayDetails\\index.tsx","all":false,"statementMap":{"0":{"start":{"line":1,"column":0},"end":{"line":1,"column":34}},"1":{"start":{"line":2,"column":0},"end":{"line":2,"column":59}},"2":{"start":{"line":3,"column":0},"end":{"line":3,"column":58}},"4":{"start":{"line":5,"column":0},"end":{"line":5,"column":30}},"5":{"start":{"line":6,"column":0},"end":{"line":6,"column":16}},"6":{"start":{"line":7,"column":0},"end":{"line":7,"column":44}},"8":{"start":{"line":9,"column":0},"end":{"line":9,"column":22}},"9":{"start":{"line":10,"column":0},"end":{"line":10,"column":5}},"10":{"start":{"line":11,"column":0},"end":{"line":11,"column":46}},"11":{"start":{"line":12,"column":0},"end":{"line":12,"column":78}},"12":{"start":{"line":13,"column":0},"end":{"line":13,"column":122}},"13":{"start":{"line":14,"column":0},"end":{"line":14,"column":50}},"14":{"start":{"line":15,"column":0},"end":{"line":15,"column":29}},"15":{"start":{"line":16,"column":0},"end":{"line":16,"column":90}},"16":{"start":{"line":17,"column":0},"end":{"line":17,"column":55}},"17":{"start":{"line":18,"column":0},"end":{"line":18,"column":39}},"18":{"start":{"line":19,"column":0},"end":{"line":19,"column":36}},"19":{"start":{"line":20,"column":0},"end":{"line":20,"column":69}},"20":{"start":{"line":21,"column":0},"end":{"line":21,"column":36}},"21":{"start":{"line":22,"column":0},"end":{"line":22,"column":106}},"22":{"start":{"line":23,"column":0},"end":{"line":23,"column":173}},"23":{"start":{"line":24,"column":0},"end":{"line":24,"column":21}},"24":{"start":{"line":25,"column":0},"end":{"line":25,"column":21}},"25":{"start":{"line":26,"column":0},"end":{"line":26,"column":18}},"28":{"start":{"line":29,"column":0},"end":{"line":29,"column":50}},"29":{"start":{"line":30,"column":0},"end":{"line":30,"column":29}},"30":{"start":{"line":31,"column":0},"end":{"line":31,"column":89}},"31":{"start":{"line":32,"column":0},"end":{"line":32,"column":56}},"32":{"start":{"line":33,"column":0},"end":{"line":33,"column":26}},"33":{"start":{"line":34,"column":0},"end":{"line":34,"column":27}},"34":{"start":{"line":35,"column":0},"end":{"line":35,"column":35}},"35":{"start":{"line":36,"column":0},"end":{"line":36,"column":64}},"36":{"start":{"line":37,"column":0},"end":{"line":37,"column":35}},"37":{"start":{"line":38,"column":0},"end":{"line":38,"column":68}},"38":{"start":{"line":39,"column":0},"end":{"line":39,"column":170}},"39":{"start":{"line":40,"column":0},"end":{"line":40,"column":23}},"40":{"start":{"line":41,"column":0},"end":{"line":41,"column":19}},"41":{"start":{"line":42,"column":0},"end":{"line":42,"column":18}},"44":{"start":{"line":45,"column":0},"end":{"line":45,"column":50}},"45":{"start":{"line":46,"column":0},"end":{"line":46,"column":29}},"46":{"start":{"line":47,"column":0},"end":{"line":47,"column":85}},"47":{"start":{"line":48,"column":0},"end":{"line":48,"column":55}},"48":{"start":{"line":49,"column":0},"end":{"line":49,"column":27}},"49":{"start":{"line":50,"column":0},"end":{"line":50,"column":28}},"50":{"start":{"line":51,"column":0},"end":{"line":51,"column":36}},"51":{"start":{"line":52,"column":0},"end":{"line":52,"column":47}},"52":{"start":{"line":53,"column":0},"end":{"line":53,"column":36}},"53":{"start":{"line":54,"column":0},"end":{"line":54,"column":22}},"54":{"start":{"line":55,"column":0},"end":{"line":55,"column":38}},"55":{"start":{"line":56,"column":0},"end":{"line":56,"column":343}},"56":{"start":{"line":57,"column":0},"end":{"line":57,"column":22}},"57":{"start":{"line":58,"column":0},"end":{"line":58,"column":38}},"58":{"start":{"line":59,"column":0},"end":{"line":59,"column":108}},"59":{"start":{"line":60,"column":0},"end":{"line":60,"column":21}},"60":{"start":{"line":61,"column":0},"end":{"line":61,"column":21}},"61":{"start":{"line":62,"column":0},"end":{"line":62,"column":18}},"64":{"start":{"line":65,"column":0},"end":{"line":65,"column":50}},"65":{"start":{"line":66,"column":0},"end":{"line":66,"column":27}},"66":{"start":{"line":67,"column":0},"end":{"line":67,"column":82}},"67":{"start":{"line":68,"column":0},"end":{"line":68,"column":54}},"68":{"start":{"line":69,"column":0},"end":{"line":69,"column":25}},"69":{"start":{"line":70,"column":0},"end":{"line":70,"column":26}},"70":{"start":{"line":71,"column":0},"end":{"line":71,"column":34}},"71":{"start":{"line":72,"column":0},"end":{"line":72,"column":44}},"72":{"start":{"line":73,"column":0},"end":{"line":73,"column":34}},"73":{"start":{"line":74,"column":0},"end":{"line":74,"column":22}},"74":{"start":{"line":75,"column":0},"end":{"line":75,"column":218}},"75":{"start":{"line":76,"column":0},"end":{"line":76,"column":22}},"76":{"start":{"line":77,"column":0},"end":{"line":77,"column":228}},"77":{"start":{"line":78,"column":0},"end":{"line":78,"column":22}},"78":{"start":{"line":79,"column":0},"end":{"line":79,"column":20}},"79":{"start":{"line":80,"column":0},"end":{"line":80,"column":18}},"82":{"start":{"line":83,"column":0},"end":{"line":83,"column":50}},"83":{"start":{"line":84,"column":0},"end":{"line":84,"column":25}},"84":{"start":{"line":85,"column":0},"end":{"line":85,"column":85}},"85":{"start":{"line":86,"column":0},"end":{"line":86,"column":54}},"86":{"start":{"line":87,"column":0},"end":{"line":87,"column":39}},"87":{"start":{"line":88,"column":0},"end":{"line":88,"column":36}},"88":{"start":{"line":89,"column":0},"end":{"line":89,"column":44}},"89":{"start":{"line":90,"column":0},"end":{"line":90,"column":36}},"90":{"start":{"line":91,"column":0},"end":{"line":91,"column":305}},"91":{"start":{"line":92,"column":0},"end":{"line":92,"column":20}},"92":{"start":{"line":93,"column":0},"end":{"line":93,"column":20}},"93":{"start":{"line":94,"column":0},"end":{"line":94,"column":18}},"94":{"start":{"line":95,"column":0},"end":{"line":95,"column":14}},"95":{"start":{"line":96,"column":0},"end":{"line":96,"column":6}},"99":{"start":{"line":100,"column":0},"end":{"line":100,"column":1}},"101":{"start":{"line":102,"column":0},"end":{"line":102,"column":29}}},"s":{"0":1,"1":1,"2":1,"4":1,"5":2,"6":2,"8":2,"9":1,"10":1,"11":1,"12":1,"13":1,"14":1,"15":1,"16":1,"17":1,"18":1,"19":1,"20":1,"21":1,"22":1,"23":1,"24":1,"25":1,"28":1,"29":1,"30":1,"31":1,"32":1,"33":1,"34":1,"35":1,"36":1,"37":1,"38":1,"39":1,"40":1,"41":1,"44":1,"45":1,"46":1,"47":1,"48":1,"49":1,"50":1,"51":1,"52":1,"53":1,"54":1,"55":1,"56":1,"57":1,"58":1,"59":1,"60":1,"61":1,"64":1,"65":1,"66":1,"67":1,"68":1,"69":1,"70":1,"71":1,"72":1,"73":1,"74":1,"75":1,"76":1,"77":1,"78":1,"79":1,"82":1,"83":1,"84":1,"85":1,"86":1,"87":1,"88":1,"89":1,"90":1,"91":1,"92":1,"93":1,"94":1,"95":1,"99":2,"101":1},"branchMap":{"0":{"type":"branch","line":5,"loc":{"start":{"line":5,"column":23},"end":{"line":100,"column":1}},"locations":[{"start":{"line":5,"column":23},"end":{"line":100,"column":1}}]},"1":{"type":"branch","line":9,"loc":{"start":{"line":9,"column":14},"end":{"line":96,"column":6}},"locations":[{"start":{"line":9,"column":14},"end":{"line":96,"column":6}}]}},"b":{"0":[2],"1":[1]},"fnMap":{"0":{"name":"DisplayDetails","decl":{"start":{"line":5,"column":23},"end":{"line":100,"column":1}},"loc":{"start":{"line":5,"column":23},"end":{"line":100,"column":1}},"line":5}},"f":{"0":2}}
,"D:\\Projetos\\weather\\src\\components\\DisplayMain\\index.tsx": {"path":"D:\\Projetos\\weather\\src\\components\\DisplayMain\\index.tsx","all":false,"statementMap":{"0":{"start":{"line":1,"column":0},"end":{"line":1,"column":0}},"1":{"start":{"line":2,"column":0},"end":{"line":2,"column":26}},"2":{"start":{"line":3,"column":0},"end":{"line":3,"column":41}},"4":{"start":{"line":5,"column":0},"end":{"line":5,"column":27}},"5":{"start":{"line":6,"column":0},"end":{"line":6,"column":10}},"6":{"start":{"line":7,"column":0},"end":{"line":7,"column":87}},"7":{"start":{"line":8,"column":0},"end":{"line":8,"column":37}},"8":{"start":{"line":9,"column":0},"end":{"line":9,"column":20}},"9":{"start":{"line":10,"column":0},"end":{"line":10,"column":10}},"11":{"start":{"line":12,"column":0},"end":{"line":12,"column":1}},"13":{"start":{"line":14,"column":0},"end":{"line":14,"column":26}}},"s":{"0":1,"1":1,"2":1,"4":1,"5":1,"6":1,"7":1,"8":1,"9":1,"11":1,"13":1},"branchMap":{"0":{"type":"branch","line":5,"loc":{"start":{"line":5,"column":20},"end":{"line":12,"column":1}},"locations":[{"start":{"line":5,"column":20},"end":{"line":12,"column":1}}]}},"b":{"0":[1]},"fnMap":{"0":{"name":"DisplayMain","decl":{"start":{"line":5,"column":20},"end":{"line":12,"column":1}},"loc":{"start":{"line":5,"column":20},"end":{"line":12,"column":1}},"line":5}},"f":{"0":1}}
,"D:\\Projetos\\weather\\src\\components\\Logo\\index.test.tsx": {"path":"D:\\Projetos\\weather\\src\\components\\Logo\\index.test.tsx","all":false,"statementMap":{"0":{"start":{"line":1,"column":0},"end":{"line":1,"column":46}},"1":{"start":{"line":2,"column":0},"end":{"line":2,"column":59}},"2":{"start":{"line":3,"column":0},"end":{"line":3,"column":21}},"3":{"start":{"line":4,"column":0},"end":{"line":4,"column":58}},"5":{"start":{"line":6,"column":0},"end":{"line":6,"column":27}},"6":{"start":{"line":7,"column":0},"end":{"line":7,"column":34}},"8":{"start":{"line":9,"column":0},"end":{"line":9,"column":45}},"9":{"start":{"line":10,"column":0},"end":{"line":10,"column":61}},"10":{"start":{"line":11,"column":0},"end":{"line":11,"column":34}},"11":{"start":{"line":12,"column":0},"end":{"line":12,"column":4}},"12":{"start":{"line":13,"column":0},"end":{"line":13,"column":2}}},"s":{"0":1,"1":1,"2":1,"3":1,"5":1,"6":1,"8":1,"9":1,"10":1,"11":1,"12":1},"branchMap":{"0":{"type":"branch","line":6,"loc":{"start":{"line":6,"column":20},"end":{"line":13,"column":2}},"locations":[{"start":{"line":6,"column":20},"end":{"line":13,"column":2}}]},"1":{"type":"branch","line":7,"loc":{"start":{"line":7,"column":27},"end":{"line":12,"column":3}},"locations":[{"start":{"line":7,"column":27},"end":{"line":12,"column":3}}]}},"b":{"0":[1],"1":[1]},"fnMap":{},"f":{}}
,"D:\\Projetos\\weather\\src\\components\\Logo\\index.tsx": {"path":"D:\\Projetos\\weather\\src\\components\\Logo\\index.tsx","all":false,"statementMap":{"0":{"start":{"line":1,"column":0},"end":{"line":1,"column":14}},"4":{"start":{"line":5,"column":0},"end":{"line":5,"column":37}},"5":{"start":{"line":6,"column":0},"end":{"line":6,"column":10}},"6":{"start":{"line":7,"column":0},"end":{"line":7,"column":9}},"7":{"start":{"line":8,"column":0},"end":{"line":8,"column":130}},"8":{"start":{"line":9,"column":0},"end":{"line":9,"column":10}},"10":{"start":{"line":11,"column":0},"end":{"line":11,"column":1}},"12":{"start":{"line":13,"column":0},"end":{"line":13,"column":19}}},"s":{"0":1,"4":1,"5":2,"6":2,"7":2,"8":2,"10":2,"12":1},"branchMap":{"0":{"type":"branch","line":5,"loc":{"start":{"line":5,"column":13},"end":{"line":11,"column":1}},"locations":[{"start":{"line":5,"column":13},"end":{"line":11,"column":1}}]}},"b":{"0":[2]},"fnMap":{"0":{"name":"Logo","decl":{"start":{"line":5,"column":13},"end":{"line":11,"column":1}},"loc":{"start":{"line":5,"column":13},"end":{"line":11,"column":1}},"line":5}},"f":{"0":2}}
,"D:\\Projetos\\weather\\src\\components\\Search\\index.test.tsx": {"path":"D:\\Projetos\\weather\\src\\components\\Search\\index.test.tsx","all":false,"statementMap":{"0":{"start":{"line":1,"column":0},"end":{"line":1,"column":76}},"1":{"start":{"line":2,"column":0},"end":{"line":2,"column":56}},"2":{"start":{"line":3,"column":0},"end":{"line":3,"column":24}},"3":{"start":{"line":4,"column":0},"end":{"line":4,"column":57}},"4":{"start":{"line":5,"column":0},"end":{"line":5,"column":81}},"11":{"start":{"line":12,"column":0},"end":{"line":12,"column":36}},"12":{"start":{"line":13,"column":0},"end":{"line":13,"column":87}},"14":{"start":{"line":15,"column":0},"end":{"line":15,"column":61}},"15":{"start":{"line":16,"column":0},"end":{"line":16,"column":66}},"18":{"start":{"line":19,"column":0},"end":{"line":19,"column":11}},"19":{"start":{"line":20,"column":0},"end":{"line":20,"column":18}},"20":{"start":{"line":21,"column":0},"end":{"line":21,"column":18}},"21":{"start":{"line":22,"column":0},"end":{"line":22,"column":19}},"22":{"start":{"line":23,"column":0},"end":{"line":23,"column":6}},"25":{"start":{"line":26,"column":0},"end":{"line":26,"column":53}},"26":{"start":{"line":27,"column":0},"end":{"line":27,"column":53}},"29":{"start":{"line":30,"column":0},"end":{"line":30,"column":70}},"32":{"start":{"line":33,"column":0},"end":{"line":33,"column":35}},"35":{"start":{"line":36,"column":0},"end":{"line":36,"column":25}},"36":{"start":{"line":37,"column":0},"end":{"line":37,"column":81}},"37":{"start":{"line":38,"column":0},"end":{"line":38,"column":7}},"40":{"start":{"line":41,"column":0},"end":{"line":41,"column":5}},"41":{"start":{"line":42,"column":0},"end":{"line":42,"column":3}}},"s":{"0":1,"1":1,"2":1,"3":1,"4":1,"11":1,"12":1,"14":1,"15":1,"18":1,"19":1,"20":1,"21":1,"22":1,"25":1,"26":1,"29":1,"32":1,"35":1,"36":1,"37":1,"40":1,"41":1},"branchMap":{"0":{"type":"branch","line":12,"loc":{"start":{"line":12,"column":29},"end":{"line":42,"column":3}},"locations":[{"start":{"line":12,"column":29},"end":{"line":42,"column":3}}]},"1":{"type":"branch","line":13,"loc":{"start":{"line":13,"column":74},"end":{"line":41,"column":3}},"locations":[{"start":{"line":13,"column":74},"end":{"line":41,"column":3}}]},"2":{"type":"branch","line":36,"loc":{"start":{"line":36,"column":18},"end":{"line":38,"column":5}},"locations":[{"start":{"line":36,"column":18},"end":{"line":38,"column":5}}]}},"b":{"0":[1],"1":[1],"2":[1]},"fnMap":{},"f":{}}
,"D:\\Projetos\\weather\\src\\components\\Search\\index.tsx": {"path":"D:\\Projetos\\weather\\src\\components\\Search\\index.tsx","all":false,"statementMap":{"0":{"start":{"line":1,"column":0},"end":{"line":1,"column":55}},"1":{"start":{"line":2,"column":0},"end":{"line":2,"column":62}},"2":{"start":{"line":3,"column":0},"end":{"line":3,"column":59}},"5":{"start":{"line":6,"column":0},"end":{"line":6,"column":23}},"6":{"start":{"line":7,"column":0},"end":{"line":7,"column":51}},"7":{"start":{"line":8,"column":0},"end":{"line":8,"column":47}},"9":{"start":{"line":10,"column":0},"end":{"line":10,"column":37}},"10":{"start":{"line":11,"column":0},"end":{"line":11,"column":54}},"11":{"start":{"line":12,"column":0},"end":{"line":12,"column":19}},"13":{"start":{"line":14,"column":0},"end":{"line":14,"column":3}},"15":{"start":{"line":16,"column":0},"end":{"line":16,"column":10}},"16":{"start":{"line":17,"column":0},"end":{"line":17,"column":74}},"17":{"start":{"line":18,"column":0},"end":{"line":18,"column":164}},"18":{"start":{"line":19,"column":0},"end":{"line":19,"column":37}},"19":{"start":{"line":20,"column":0},"end":{"line":20,"column":48}},"20":{"start":{"line":21,"column":0},"end":{"line":21,"column":19}},"21":{"start":{"line":22,"column":0},"end":{"line":22,"column":20}},"22":{"start":{"line":23,"column":0},"end":{"line":23,"column":28}},"23":{"start":{"line":24,"column":0},"end":{"line":24,"column":71}},"24":{"start":{"line":25,"column":0},"end":{"line":25,"column":28}},"26":{"start":{"line":27,"column":0},"end":{"line":27,"column":190}},"27":{"start":{"line":28,"column":0},"end":{"line":28,"column":12}},"28":{"start":{"line":29,"column":0},"end":{"line":29,"column":15}},"30":{"start":{"line":31,"column":0},"end":{"line":31,"column":10}},"32":{"start":{"line":33,"column":0},"end":{"line":33,"column":1}},"34":{"start":{"line":35,"column":0},"end":{"line":35,"column":21}}},"s":{"0":1,"1":1,"2":1,"5":1,"6":4,"7":4,"9":4,"10":1,"11":1,"13":1,"15":4,"16":4,"17":4,"18":4,"19":4,"20":4,"21":4,"22":4,"23":4,"24":4,"26":4,"27":4,"28":4,"30":4,"32":4,"34":1},"branchMap":{"0":{"type":"branch","line":6,"loc":{"start":{"line":6,"column":16},"end":{"line":33,"column":1}},"locations":[{"start":{"line":6,"column":16},"end":{"line":33,"column":1}}]},"1":{"type":"branch","line":10,"loc":{"start":{"line":10,"column":25},"end":{"line":14,"column":3}},"locations":[{"start":{"line":10,"column":25},"end":{"line":14,"column":3}}]},"2":{"type":"branch","line":18,"loc":{"start":{"line":18,"column":35},"end":{"line":18,"column":74}},"locations":[{"start":{"line":18,"column":35},"end":{"line":18,"column":74}}]}},"b":{"0":[4],"1":[1],"2":[1]},"fnMap":{"0":{"name":"Search","decl":{"start":{"line":6,"column":16},"end":{"line":33,"column":1}},"loc":{"start":{"line":6,"column":16},"end":{"line":33,"column":1}},"line":6},"1":{"name":"handleSubmit","decl":{"start":{"line":10,"column":25},"end":{"line":14,"column":3}},"loc":{"start":{"line":10,"column":25},"end":{"line":14,"column":3}},"line":10},"2":{"name":"onChange","decl":{"start":{"line":18,"column":35},"end":{"line":18,"column":74}},"loc":{"start":{"line":18,"column":35},"end":{"line":18,"column":74}},"line":18}},"f":{"0":4,"1":1,"2":1}}
,"D:\\Projetos\\weather\\src\\components\\ShowWeather\\index.test.tsx": {"path":"D:\\Projetos\\weather\\src\\components\\ShowWeather\\index.test.tsx","all":false,"statementMap":{"0":{"start":{"line":1,"column":0},"end":{"line":1,"column":28}},"1":{"start":{"line":2,"column":0},"end":{"line":2,"column":47}},"2":{"start":{"line":3,"column":0},"end":{"line":3,"column":56}},"3":{"start":{"line":4,"column":0},"end":{"line":4,"column":86}},"4":{"start":{"line":5,"column":0},"end":{"line":5,"column":46}},"5":{"start":{"line":6,"column":0},"end":{"line":6,"column":59}},"14":{"start":{"line":15,"column":0},"end":{"line":15,"column":19}},"16":{"start":{"line":17,"column":0},"end":{"line":17,"column":41}},"17":{"start":{"line":18,"column":0},"end":{"line":18,"column":58}},"18":{"start":{"line":19,"column":0},"end":{"line":19,"column":91}},"21":{"start":{"line":22,"column":0},"end":{"line":22,"column":35}},"24":{"start":{"line":25,"column":0},"end":{"line":25,"column":72}},"26":{"start":{"line":27,"column":0},"end":{"line":27,"column":64}},"27":{"start":{"line":28,"column":0},"end":{"line":28,"column":15}},"30":{"start":{"line":31,"column":0},"end":{"line":31,"column":32}},"31":{"start":{"line":32,"column":0},"end":{"line":32,"column":6}},"33":{"start":{"line":34,"column":0},"end":{"line":34,"column":71}},"35":{"start":{"line":36,"column":0},"end":{"line":36,"column":5}},"36":{"start":{"line":37,"column":0},"end":{"line":37,"column":3}}},"s":{"0":1,"1":1,"2":1,"3":1,"4":1,"5":1,"14":1,"16":1,"17":1,"18":1,"21":1,"24":1,"26":1,"27":1,"30":1,"31":1,"33":1,"35":1,"36":1},"branchMap":{"0":{"type":"branch","line":17,"loc":{"start":{"line":17,"column":34},"end":{"line":37,"column":3}},"locations":[{"start":{"line":17,"column":34},"end":{"line":37,"column":3}}]},"1":{"type":"branch","line":18,"loc":{"start":{"line":18,"column":45},"end":{"line":36,"column":3}},"locations":[{"start":{"line":18,"column":45},"end":{"line":36,"column":3}}]},"2":{"type":"branch","line":19,"loc":{"start":{"line":19,"column":62},"end":{"line":19,"column":89}},"locations":[{"start":{"line":19,"column":62},"end":{"line":19,"column":89}}]},"3":{"type":"branch","line":27,"loc":{"start":{"line":27,"column":35},"end":{"line":27,"column":62}},"locations":[{"start":{"line":27,"column":35},"end":{"line":27,"column":62}}]},"4":{"type":"branch","line":28,"loc":{"start":{"line":28,"column":8},"end":{"line":32,"column":5}},"locations":[{"start":{"line":28,"column":8},"end":{"line":32,"column":5}}]}},"b":{"0":[1],"1":[1],"2":[1],"3":[2],"4":[1]},"fnMap":{},"f":{}}
,"D:\\Projetos\\weather\\src\\components\\ShowWeather\\index.tsx": {"path":"D:\\Projetos\\weather\\src\\components\\ShowWeather\\index.tsx","all":false,"statementMap":{"0":{"start":{"line":1,"column":0},"end":{"line":1,"column":45}},"1":{"start":{"line":2,"column":0},"end":{"line":2,"column":45}},"2":{"start":{"line":3,"column":0},"end":{"line":3,"column":58}},"3":{"start":{"line":4,"column":0},"end":{"line":4,"column":59}},"5":{"start":{"line":6,"column":0},"end":{"line":6,"column":27}},"6":{"start":{"line":7,"column":0},"end":{"line":7,"column":43}},"7":{"start":{"line":8,"column":0},"end":{"line":8,"column":16}},"8":{"start":{"line":9,"column":0},"end":{"line":9,"column":44}},"10":{"start":{"line":11,"column":0},"end":{"line":11,"column":21}},"11":{"start":{"line":12,"column":0},"end":{"line":12,"column":23}},"12":{"start":{"line":13,"column":0},"end":{"line":13,"column":11}},"14":{"start":{"line":15,"column":0},"end":{"line":15,"column":20}},"15":{"start":{"line":16,"column":0},"end":{"line":16,"column":102}},"16":{"start":{"line":17,"column":0},"end":{"line":17,"column":88}},"17":{"start":{"line":18,"column":0},"end":{"line":18,"column":57}},"18":{"start":{"line":19,"column":0},"end":{"line":19,"column":85}},"19":{"start":{"line":20,"column":0},"end":{"line":20,"column":59}},"20":{"start":{"line":21,"column":0},"end":{"line":21,"column":12}},"21":{"start":{"line":22,"column":0},"end":{"line":22,"column":139}},"22":{"start":{"line":23,"column":0},"end":{"line":23,"column":10}},"25":{"start":{"line":26,"column":0},"end":{"line":26,"column":1}},"27":{"start":{"line":28,"column":0},"end":{"line":28,"column":26}}},"s":{"0":1,"1":1,"2":1,"3":1,"5":1,"6":3,"7":3,"8":3,"10":3,"11":1,"12":3,"14":3,"15":3,"16":3,"17":3,"18":3,"19":3,"20":3,"21":3,"22":3,"25":3,"27":1},"branchMap":{"0":{"type":"branch","line":6,"loc":{"start":{"line":6,"column":20},"end":{"line":26,"column":1}},"locations":[{"start":{"line":6,"column":20},"end":{"line":26,"column":1}}]},"1":{"type":"branch","line":11,"loc":{"start":{"line":11,"column":14},"end":{"line":13,"column":5}},"locations":[{"start":{"line":11,"column":14},"end":{"line":13,"column":5}}]}},"b":{"0":[3],"1":[1]},"fnMap":{"0":{"name":"ShowWeather","decl":{"start":{"line":6,"column":20},"end":{"line":26,"column":1}},"loc":{"start":{"line":6,"column":20},"end":{"line":26,"column":1}},"line":6}},"f":{"0":3}}
,"D:\\Projetos\\weather\\src\\components\\TestOfTest\\index.test.tsx": {"path":"D:\\Projetos\\weather\\src\\components\\TestOfTest\\index.test.tsx","all":false,"statementMap":{"0":{"start":{"line":1,"column":0},"end":{"line":1,"column":31}},"1":{"start":{"line":2,"column":0},"end":{"line":2,"column":58}},"2":{"start":{"line":3,"column":0},"end":{"line":3,"column":26}},"3":{"start":{"line":4,"column":0},"end":{"line":4,"column":45}},"4":{"start":{"line":5,"column":0},"end":{"line":5,"column":31}},"6":{"start":{"line":7,"column":0},"end":{"line":7,"column":18}},"8":{"start":{"line":9,"column":0},"end":{"line":9,"column":27}},"9":{"start":{"line":10,"column":0},"end":{"line":10,"column":41}},"10":{"start":{"line":11,"column":0},"end":{"line":11,"column":43}},"11":{"start":{"line":12,"column":0},"end":{"line":12,"column":16}},"12":{"start":{"line":13,"column":0},"end":{"line":13,"column":37}},"13":{"start":{"line":14,"column":0},"end":{"line":14,"column":2}}},"s":{"0":1,"1":1,"2":1,"3":1,"4":1,"6":1,"8":1,"9":1,"10":1,"11":1,"12":1,"13":1},"branchMap":{"0":{"type":"branch","line":9,"loc":{"start":{"line":9,"column":19},"end":{"line":14,"column":2}},"locations":[{"start":{"line":9,"column":19},"end":{"line":14,"column":2}}]}},"b":{"0":[1]},"fnMap":{},"f":{}}
,"D:\\Projetos\\weather\\src\\components\\TestOfTest\\index.tsx": {"path":"D:\\Projetos\\weather\\src\\components\\TestOfTest\\index.tsx","all":false,"statementMap":{"0":{"start":{"line":1,"column":0},"end":{"line":1,"column":48}},"5":{"start":{"line":6,"column":0},"end":{"line":6,"column":40}},"6":{"start":{"line":7,"column":0},"end":{"line":7,"column":10}},"7":{"start":{"line":8,"column":0},"end":{"line":8,"column":15}},"8":{"start":{"line":9,"column":0},"end":{"line":9,"column":41}},"9":{"start":{"line":10,"column":0},"end":{"line":10,"column":10}},"11":{"start":{"line":12,"column":0},"end":{"line":12,"column":1}},"13":{"start":{"line":14,"column":0},"end":{"line":14,"column":25}}},"s":{"0":1,"5":1,"6":1,"7":1,"8":1,"9":1,"11":1,"13":1},"branchMap":{"0":{"type":"branch","line":6,"loc":{"start":{"line":6,"column":19},"end":{"line":12,"column":1}},"locations":[{"start":{"line":6,"column":19},"end":{"line":12,"column":1}}]}},"b":{"0":[1]},"fnMap":{"0":{"name":"TestOfTest","decl":{"start":{"line":6,"column":19},"end":{"line":12,"column":1}},"loc":{"start":{"line":6,"column":19},"end":{"line":12,"column":1}},"line":6}},"f":{"0":1}}
,"D:\\Projetos\\weather\\src\\hooks\\useDate.ts": {"path":"D:\\Projetos\\weather\\src\\hooks\\useDate.ts","all":false,"statementMap":{"0":{"start":{"line":1,"column":0},"end":{"line":1,"column":30}},"1":{"start":{"line":2,"column":0},"end":{"line":2,"column":25}},"3":{"start":{"line":4,"column":0},"end":{"line":4,"column":43}},"4":{"start":{"line":5,"column":0},"end":{"line":5,"column":48}},"6":{"start":{"line":7,"column":0},"end":{"line":7,"column":29}},"7":{"start":{"line":8,"column":0},"end":{"line":8,"column":42}},"9":{"start":{"line":10,"column":0},"end":{"line":10,"column":32}},"10":{"start":{"line":11,"column":0},"end":{"line":11,"column":33}},"11":{"start":{"line":12,"column":0},"end":{"line":12,"column":36}},"13":{"start":{"line":14,"column":0},"end":{"line":14,"column":28}},"14":{"start":{"line":15,"column":0},"end":{"line":15,"column":48}},"15":{"start":{"line":16,"column":0},"end":{"line":16,"column":48}},"16":{"start":{"line":17,"column":0},"end":{"line":17,"column":49}},"17":{"start":{"line":18,"column":0},"end":{"line":18,"column":51}},"18":{"start":{"line":19,"column":0},"end":{"line":19,"column":50}},"19":{"start":{"line":20,"column":0},"end":{"line":20,"column":48}},"20":{"start":{"line":21,"column":0},"end":{"line":21,"column":50}},"21":{"start":{"line":22,"column":0},"end":{"line":22,"column":3}},"22":{"start":{"line":23,"column":0},"end":{"line":23,"column":24}},"23":{"start":{"line":24,"column":0},"end":{"line":24,"column":41}},"24":{"start":{"line":25,"column":0},"end":{"line":25,"column":41}},"25":{"start":{"line":26,"column":0},"end":{"line":26,"column":41}},"26":{"start":{"line":27,"column":0},"end":{"line":27,"column":41}},"27":{"start":{"line":28,"column":0},"end":{"line":28,"column":41}},"28":{"start":{"line":29,"column":0},"end":{"line":29,"column":41}},"29":{"start":{"line":30,"column":0},"end":{"line":30,"column":41}},"30":{"start":{"line":31,"column":0},"end":{"line":31,"column":41}},"31":{"start":{"line":32,"column":0},"end":{"line":32,"column":41}},"32":{"start":{"line":33,"column":0},"end":{"line":33,"column":42}},"33":{"start":{"line":34,"column":0},"end":{"line":34,"column":42}},"34":{"start":{"line":35,"column":0},"end":{"line":35,"column":42}},"35":{"start":{"line":36,"column":0},"end":{"line":36,"column":3}},"38":{"start":{"line":39,"column":0},"end":{"line":39,"column":47}},"39":{"start":{"line":40,"column":0},"end":{"line":40,"column":34}},"40":{"start":{"line":41,"column":0},"end":{"line":41,"column":38}},"42":{"start":{"line":43,"column":0},"end":{"line":43,"column":52}},"43":{"start":{"line":44,"column":0},"end":{"line":44,"column":61}},"44":{"start":{"line":45,"column":0},"end":{"line":45,"column":33}},"45":{"start":{"line":46,"column":0},"end":{"line":46,"column":109}},"47":{"start":{"line":48,"column":0},"end":{"line":48,"column":18}},"50":{"start":{"line":51,"column":0},"end":{"line":51,"column":1}}},"s":{"0":1,"1":3,"3":3,"4":3,"6":3,"7":3,"9":3,"10":3,"11":3,"13":3,"14":3,"15":3,"16":3,"17":3,"18":3,"19":3,"20":3,"21":3,"22":3,"23":3,"24":3,"25":3,"26":3,"27":3,"28":3,"29":3,"30":3,"31":3,"32":3,"33":3,"34":3,"35":3,"38":3,"39":3,"40":3,"42":3,"43":3,"44":3,"45":3,"47":3,"50":3},"branchMap":{"0":{"type":"branch","line":1,"loc":{"start":{"line":1,"column":23},"end":{"line":51,"column":1}},"locations":[{"start":{"line":1,"column":23},"end":{"line":51,"column":1}}]},"1":{"type":"branch","line":16,"loc":{"start":{"line":16,"column":4},"end":{"line":16,"column":48}},"locations":[{"start":{"line":16,"column":4},"end":{"line":16,"column":48}}]},"2":{"type":"branch","line":17,"loc":{"start":{"line":17,"column":4},"end":{"line":17,"column":49}},"locations":[{"start":{"line":17,"column":4},"end":{"line":17,"column":49}}]},"3":{"type":"branch","line":18,"loc":{"start":{"line":18,"column":4},"end":{"line":18,"column":51}},"locations":[{"start":{"line":18,"column":4},"end":{"line":18,"column":51}}]},"4":{"type":"branch","line":19,"loc":{"start":{"line":19,"column":4},"end":{"line":19,"column":50}},"locations":[{"start":{"line":19,"column":4},"end":{"line":19,"column":50}}]},"5":{"type":"branch","line":20,"loc":{"start":{"line":20,"column":4},"end":{"line":20,"column":48}},"locations":[{"start":{"line":20,"column":4},"end":{"line":20,"column":48}}]},"6":{"type":"branch","line":21,"loc":{"start":{"line":21,"column":4},"end":{"line":21,"column":50}},"locations":[{"start":{"line":21,"column":4},"end":{"line":21,"column":50}}]},"7":{"type":"branch","line":24,"loc":{"start":{"line":24,"column":4},"end":{"line":24,"column":41}},"locations":[{"start":{"line":24,"column":4},"end":{"line":24,"column":41}}]},"8":{"type":"branch","line":25,"loc":{"start":{"line":25,"column":4},"end":{"line":25,"column":41}},"locations":[{"start":{"line":25,"column":4},"end":{"line":25,"column":41}}]},"9":{"type":"branch","line":26,"loc":{"start":{"line":26,"column":4},"end":{"line":26,"column":41}},"locations":[{"start":{"line":26,"column":4},"end":{"line":26,"column":41}}]},"10":{"type":"branch","line":27,"loc":{"start":{"line":27,"column":4},"end":{"line":27,"column":41}},"locations":[{"start":{"line":27,"column":4},"end":{"line":27,"column":41}}]},"11":{"type":"branch","line":28,"loc":{"start":{"line":28,"column":4},"end":{"line":28,"column":41}},"locations":[{"start":{"line":28,"column":4},"end":{"line":28,"column":41}}]},"12":{"type":"branch","line":29,"loc":{"start":{"line":29,"column":4},"end":{"line":29,"column":41}},"locations":[{"start":{"line":29,"column":4},"end":{"line":29,"column":41}}]},"13":{"type":"branch","line":30,"loc":{"start":{"line":30,"column":4},"end":{"line":30,"column":41}},"locations":[{"start":{"line":30,"column":4},"end":{"line":30,"column":41}}]},"14":{"type":"branch","line":31,"loc":{"start":{"line":31,"column":4},"end":{"line":31,"column":41}},"locations":[{"start":{"line":31,"column":4},"end":{"line":31,"column":41}}]},"15":{"type":"branch","line":33,"loc":{"start":{"line":33,"column":4},"end":{"line":33,"column":42}},"locations":[{"start":{"line":33,"column":4},"end":{"line":33,"column":42}}]},"16":{"type":"branch","line":34,"loc":{"start":{"line":34,"column":4},"end":{"line":34,"column":42}},"locations":[{"start":{"line":34,"column":4},"end":{"line":34,"column":42}}]},"17":{"type":"branch","line":35,"loc":{"start":{"line":35,"column":4},"end":{"line":35,"column":42}},"locations":[{"start":{"line":35,"column":4},"end":{"line":35,"column":42}}]},"18":{"type":"branch","line":43,"loc":{"start":{"line":43,"column":16},"end":{"line":43,"column":47}},"locations":[{"start":{"line":43,"column":16},"end":{"line":43,"column":47}}]},"19":{"type":"branch","line":43,"loc":{"start":{"line":43,"column":40},"end":{"line":43,"column":52}},"locations":[{"start":{"line":43,"column":40},"end":{"line":43,"column":52}}]},"20":{"type":"branch","line":44,"loc":{"start":{"line":44,"column":20},"end":{"line":44,"column":55}},"locations":[{"start":{"line":44,"column":20},"end":{"line":44,"column":55}}]},"21":{"type":"branch","line":44,"loc":{"start":{"line":44,"column":46},"end":{"line":44,"column":61}},"locations":[{"start":{"line":44,"column":46},"end":{"line":44,"column":61}}]}},"b":{"0":[3],"1":[0],"2":[0],"3":[0],"4":[0],"5":[0],"6":[0],"7":[0],"8":[0],"9":[0],"10":[0],"11":[0],"12":[0],"13":[0],"14":[0],"15":[0],"16":[0],"17":[0],"18":[1],"19":[2],"20":[2],"21":[1]},"fnMap":{"0":{"name":"DateNow","decl":{"start":{"line":1,"column":23},"end":{"line":51,"column":1}},"loc":{"start":{"line":1,"column":23},"end":{"line":51,"column":1}},"line":1}},"f":{"0":3}}
,"D:\\Projetos\\weather\\src\\hooks\\useFetchCurrent.ts": {"path":"D:\\Projetos\\weather\\src\\hooks\\useFetchCurrent.ts","all":false,"statementMap":{"4":{"start":{"line":5,"column":0},"end":{"line":5,"column":80}},"5":{"start":{"line":6,"column":0},"end":{"line":6,"column":56}},"7":{"start":{"line":8,"column":0},"end":{"line":8,"column":38}},"9":{"start":{"line":10,"column":0},"end":{"line":10,"column":126}},"11":{"start":{"line":12,"column":0},"end":{"line":12,"column":28}},"12":{"start":{"line":13,"column":0},"end":{"line":13,"column":27}},"14":{"start":{"line":15,"column":0},"end":{"line":15,"column":3}},"15":{"start":{"line":16,"column":0},"end":{"line":16,"column":36}},"16":{"start":{"line":17,"column":0},"end":{"line":17,"column":17}},"17":{"start":{"line":18,"column":0},"end":{"line":18,"column":1}},"23":{"start":{"line":24,"column":0},"end":{"line":24,"column":43}},"24":{"start":{"line":25,"column":0},"end":{"line":25,"column":34}},"25":{"start":{"line":26,"column":0},"end":{"line":26,"column":28}},"26":{"start":{"line":27,"column":0},"end":{"line":27,"column":52}},"27":{"start":{"line":28,"column":0},"end":{"line":28,"column":36}},"28":{"start":{"line":29,"column":0},"end":{"line":29,"column":14}},"29":{"start":{"line":30,"column":0},"end":{"line":30,"column":3}},"30":{"start":{"line":31,"column":0},"end":{"line":31,"column":14}},"32":{"start":{"line":33,"column":0},"end":{"line":33,"column":1}}},"s":{"4":1,"5":5,"7":5,"9":5,"11":2,"12":1,"14":1,"15":1,"16":1,"17":1,"23":1,"24":6,"25":6,"26":1,"27":1,"28":1,"29":1,"30":5,"32":5},"branchMap":{"0":{"type":"branch","line":5,"loc":{"start":{"line":5,"column":32},"end":{"line":18,"column":1}},"locations":[{"start":{"line":5,"column":32},"end":{"line":18,"column":1}}]},"1":{"type":"branch","line":10,"loc":{"start":{"line":10,"column":125},"end":{"line":18,"column":1}},"locations":[{"start":{"line":10,"column":125},"end":{"line":18,"column":1}}]},"2":{"type":"branch","line":12,"loc":{"start":{"line":12,"column":27},"end":{"line":18,"column":1}},"locations":[{"start":{"line":12,"column":27},"end":{"line":18,"column":1}}]},"3":{"type":"branch","line":24,"loc":{"start":{"line":24,"column":25},"end":{"line":33,"column":1}},"locations":[{"start":{"line":24,"column":25},"end":{"line":33,"column":1}}]},"4":{"type":"branch","line":26,"loc":{"start":{"line":26,"column":27},"end":{"line":30,"column":3}},"locations":[{"start":{"line":26,"column":27},"end":{"line":30,"column":3}}]},"5":{"type":"branch","line":30,"loc":{"start":{"line":30,"column":2},"end":{"line":33,"column":1}},"locations":[{"start":{"line":30,"column":2},"end":{"line":33,"column":1}}]},"6":{"type":"branch","line":27,"loc":{"start":{"line":27,"column":37},"end":{"line":27,"column":50}},"locations":[{"start":{"line":27,"column":37},"end":{"line":27,"column":50}}]}},"b":{"0":[5],"1":[2],"2":[1],"3":[6],"4":[1],"5":[5],"6":[1]},"fnMap":{"0":{"name":"useSearchWeather","decl":{"start":{"line":5,"column":32},"end":{"line":18,"column":1}},"loc":{"start":{"line":5,"column":32},"end":{"line":18,"column":1}},"line":5},"1":{"name":"WordInput","decl":{"start":{"line":24,"column":25},"end":{"line":33,"column":1}},"loc":{"start":{"line":24,"column":25},"end":{"line":33,"column":1}},"line":24}},"f":{"0":5,"1":6}}
,"D:\\Projetos\\weather\\src\\hooks\\useFetchLoading.ts": {"path":"D:\\Projetos\\weather\\src\\hooks\\useFetchLoading.ts","all":false,"statementMap":{"0":{"start":{"line":1,"column":0},"end":{"line":1,"column":45}},"1":{"start":{"line":2,"column":0},"end":{"line":2,"column":56}},"2":{"start":{"line":3,"column":0},"end":{"line":3,"column":52}},"4":{"start":{"line":5,"column":0},"end":{"line":5,"column":35}},"5":{"start":{"line":6,"column":0},"end":{"line":6,"column":54}},"6":{"start":{"line":7,"column":0},"end":{"line":7,"column":17}},"7":{"start":{"line":8,"column":0},"end":{"line":8,"column":35}},"9":{"start":{"line":10,"column":0},"end":{"line":10,"column":66}},"10":{"start":{"line":11,"column":0},"end":{"line":11,"column":19}},"11":{"start":{"line":12,"column":0},"end":{"line":12,"column":3}},"12":{"start":{"line":13,"column":0},"end":{"line":13,"column":13}},"13":{"start":{"line":14,"column":0},"end":{"line":14,"column":5}},"16":{"start":{"line":17,"column":0},"end":{"line":17,"column":27}},"17":{"start":{"line":18,"column":0},"end":{"line":18,"column":1}}},"s":{"0":1,"1":1,"2":1,"4":1,"5":6,"6":6,"7":4,"9":4,"10":1,"11":4,"12":4,"13":6,"16":6,"17":6},"branchMap":{"0":{"type":"branch","line":5,"loc":{"start":{"line":5,"column":28},"end":{"line":18,"column":1}},"locations":[{"start":{"line":5,"column":28},"end":{"line":18,"column":1}}]},"1":{"type":"branch","line":7,"loc":{"start":{"line":7,"column":10},"end":{"line":14,"column":2}},"locations":[{"start":{"line":7,"column":10},"end":{"line":14,"column":2}}]},"2":{"type":"branch","line":8,"loc":{"start":{"line":8,"column":22},"end":{"line":12,"column":3}},"locations":[{"start":{"line":8,"column":22},"end":{"line":12,"column":3}}]},"3":{"type":"branch","line":10,"loc":{"start":{"line":10,"column":65},"end":{"line":11,"column":19}},"locations":[{"start":{"line":10,"column":65},"end":{"line":11,"column":19}}]}},"b":{"0":[6],"1":[4],"2":[4],"3":[1]},"fnMap":{"0":{"name":"useLoadFetch","decl":{"start":{"line":5,"column":28},"end":{"line":18,"column":1}},"loc":{"start":{"line":5,"column":28},"end":{"line":18,"column":1}},"line":5},"1":{"name":"fetchData","decl":{"start":{"line":8,"column":22},"end":{"line":12,"column":3}},"loc":{"start":{"line":8,"column":22},"end":{"line":12,"column":3}},"line":8}},"f":{"0":6,"1":4}}
,"D:\\Projetos\\weather\\src\\template\\DisplayContainerDetails\\index.tsx": {"path":"D:\\Projetos\\weather\\src\\template\\DisplayContainerDetails\\index.tsx","all":false,"statementMap":{"0":{"start":{"line":1,"column":0},"end":{"line":1,"column":44}},"1":{"start":{"line":2,"column":0},"end":{"line":2,"column":60}},"3":{"start":{"line":4,"column":0},"end":{"line":4,"column":39}},"4":{"start":{"line":5,"column":0},"end":{"line":5,"column":10}},"5":{"start":{"line":6,"column":0},"end":{"line":6,"column":94}},"6":{"start":{"line":7,"column":0},"end":{"line":7,"column":18}},"7":{"start":{"line":8,"column":0},"end":{"line":8,"column":25}},"8":{"start":{"line":9,"column":0},"end":{"line":9,"column":12}},"10":{"start":{"line":11,"column":0},"end":{"line":11,"column":1}},"12":{"start":{"line":13,"column":0},"end":{"line":13,"column":38}}},"s":{"0":1,"1":1,"3":1,"4":2,"5":2,"6":2,"7":2,"8":2,"10":2,"12":1},"branchMap":{"0":{"type":"branch","line":4,"loc":{"start":{"line":4,"column":32},"end":{"line":11,"column":1}},"locations":[{"start":{"line":4,"column":32},"end":{"line":11,"column":1}}]}},"b":{"0":[2]},"fnMap":{"0":{"name":"DisplayContainerDetails","decl":{"start":{"line":4,"column":32},"end":{"line":11,"column":1}},"loc":{"start":{"line":4,"column":32},"end":{"line":11,"column":1}},"line":4}},"f":{"0":2}}
}
